<?xml version="1.0" encoding="UTF-8"?>
<testsuite name="com.product.springbasics.SpringBasicsApplicationTests" tests="1" skipped="0" failures="0" errors="0" timestamp="2019-09-08T19:43:27" hostname="zacharys-mbp.lan" time="0.517">
  <properties/>
  <testcase name="contextLoads" classname="com.product.springbasics.SpringBasicsApplicationTests" time="0.517"/>
  <system-out><![CDATA[14:43:24.709 [Test worker] DEBUG org.springframework.test.context.junit4.SpringJUnit4ClassRunner - SpringJUnit4ClassRunner constructor called with [class com.product.springbasics.SpringBasicsApplicationTests]
14:43:24.722 [Test worker] DEBUG org.springframework.test.context.BootstrapUtils - Instantiating CacheAwareContextLoaderDelegate from class [org.springframework.test.context.cache.DefaultCacheAwareContextLoaderDelegate]
14:43:24.742 [Test worker] DEBUG org.springframework.test.context.BootstrapUtils - Instantiating BootstrapContext using constructor [public org.springframework.test.context.support.DefaultBootstrapContext(java.lang.Class,org.springframework.test.context.CacheAwareContextLoaderDelegate)]
14:43:24.760 [Test worker] DEBUG org.springframework.test.context.BootstrapUtils - Instantiating TestContextBootstrapper for test class [com.product.springbasics.SpringBasicsApplicationTests] from class [org.springframework.boot.test.context.SpringBootTestContextBootstrapper]
14:43:24.775 [Test worker] INFO org.springframework.boot.test.context.SpringBootTestContextBootstrapper - Neither @ContextConfiguration nor @ContextHierarchy found for test class [com.product.springbasics.SpringBasicsApplicationTests], using SpringBootContextLoader
14:43:24.779 [Test worker] DEBUG org.springframework.test.context.support.AbstractContextLoader - Did not detect default resource location for test class [com.product.springbasics.SpringBasicsApplicationTests]: class path resource [com/product/springbasics/SpringBasicsApplicationTests-context.xml] does not exist
14:43:24.780 [Test worker] DEBUG org.springframework.test.context.support.AbstractContextLoader - Did not detect default resource location for test class [com.product.springbasics.SpringBasicsApplicationTests]: class path resource [com/product/springbasics/SpringBasicsApplicationTestsContext.groovy] does not exist
14:43:24.780 [Test worker] INFO org.springframework.test.context.support.AbstractContextLoader - Could not detect default resource locations for test class [com.product.springbasics.SpringBasicsApplicationTests]: no resource found for suffixes {-context.xml, Context.groovy}.
14:43:24.781 [Test worker] INFO org.springframework.test.context.support.AnnotationConfigContextLoaderUtils - Could not detect default configuration classes for test class [com.product.springbasics.SpringBasicsApplicationTests]: SpringBasicsApplicationTests does not declare any static, non-private, non-final, nested classes annotated with @Configuration.
14:43:24.825 [Test worker] DEBUG org.springframework.test.context.support.ActiveProfilesUtils - Could not find an 'annotation declaring class' for annotation type [org.springframework.test.context.ActiveProfiles] and class [com.product.springbasics.SpringBasicsApplicationTests]
14:43:24.895 [Test worker] DEBUG org.springframework.context.annotation.ClassPathScanningCandidateComponentProvider - Identified candidate component class: file [/Users/zacharylockner/LocalDev/spring-basics/build/classes/groovy/main/com/product/springbasics/SpringBasicsApplication.class]
14:43:24.897 [Test worker] INFO org.springframework.boot.test.context.SpringBootTestContextBootstrapper - Found @SpringBootConfiguration com.product.springbasics.SpringBasicsApplication for test class com.product.springbasics.SpringBasicsApplicationTests
14:43:24.981 [Test worker] DEBUG org.springframework.boot.test.context.SpringBootTestContextBootstrapper - @TestExecutionListeners is not present for class [com.product.springbasics.SpringBasicsApplicationTests]: using defaults.
14:43:24.982 [Test worker] INFO org.springframework.boot.test.context.SpringBootTestContextBootstrapper - Loaded default TestExecutionListener class names from location [META-INF/spring.factories]: [org.springframework.boot.test.autoconfigure.restdocs.RestDocsTestExecutionListener, org.springframework.boot.test.autoconfigure.web.client.MockRestServiceServerResetTestExecutionListener, org.springframework.boot.test.autoconfigure.web.servlet.MockMvcPrintOnlyOnFailureTestExecutionListener, org.springframework.boot.test.autoconfigure.web.servlet.WebDriverTestExecutionListener, org.springframework.boot.test.mock.mockito.MockitoTestExecutionListener, org.springframework.boot.test.mock.mockito.ResetMocksTestExecutionListener, org.springframework.test.context.web.ServletTestExecutionListener, org.springframework.test.context.support.DirtiesContextBeforeModesTestExecutionListener, org.springframework.test.context.support.DependencyInjectionTestExecutionListener, org.springframework.test.context.support.DirtiesContextTestExecutionListener, org.springframework.test.context.transaction.TransactionalTestExecutionListener, org.springframework.test.context.jdbc.SqlScriptsTestExecutionListener]
14:43:24.993 [Test worker] DEBUG org.springframework.boot.test.context.SpringBootTestContextBootstrapper - Skipping candidate TestExecutionListener [org.springframework.test.context.transaction.TransactionalTestExecutionListener] due to a missing dependency. Specify custom listener classes or make the default listener classes and their required dependencies available. Offending class: [org/springframework/transaction/interceptor/TransactionAttributeSource]
14:43:24.994 [Test worker] DEBUG org.springframework.boot.test.context.SpringBootTestContextBootstrapper - Skipping candidate TestExecutionListener [org.springframework.test.context.jdbc.SqlScriptsTestExecutionListener] due to a missing dependency. Specify custom listener classes or make the default listener classes and their required dependencies available. Offending class: [org/springframework/transaction/interceptor/TransactionAttribute]
14:43:24.994 [Test worker] INFO org.springframework.boot.test.context.SpringBootTestContextBootstrapper - Using TestExecutionListeners: [org.springframework.test.context.web.ServletTestExecutionListener@7408b282, org.springframework.test.context.support.DirtiesContextBeforeModesTestExecutionListener@68b4e94, org.springframework.boot.test.mock.mockito.MockitoTestExecutionListener@501d35a8, org.springframework.boot.test.autoconfigure.SpringBootDependencyInjectionTestExecutionListener@6750812b, org.springframework.test.context.support.DirtiesContextTestExecutionListener@56fdb3e1, org.springframework.boot.test.autoconfigure.restdocs.RestDocsTestExecutionListener@a5ea844, org.springframework.boot.test.autoconfigure.web.client.MockRestServiceServerResetTestExecutionListener@33d76cd2, org.springframework.boot.test.autoconfigure.web.servlet.MockMvcPrintOnlyOnFailureTestExecutionListener@506dea5a, org.springframework.boot.test.autoconfigure.web.servlet.WebDriverTestExecutionListener@6bb4290d, org.springframework.boot.test.mock.mockito.ResetMocksTestExecutionListener@1457b0b7]
14:43:24.998 [Test worker] DEBUG org.springframework.test.annotation.ProfileValueUtils - Retrieved @ProfileValueSourceConfiguration [null] for test class [com.product.springbasics.SpringBasicsApplicationTests]
14:43:24.998 [Test worker] DEBUG org.springframework.test.annotation.ProfileValueUtils - Retrieved ProfileValueSource type [class org.springframework.test.annotation.SystemProfileValueSource] for class [com.product.springbasics.SpringBasicsApplicationTests]
14:43:24.999 [Test worker] DEBUG org.springframework.test.annotation.ProfileValueUtils - Retrieved @ProfileValueSourceConfiguration [null] for test class [com.product.springbasics.SpringBasicsApplicationTests]
14:43:24.999 [Test worker] DEBUG org.springframework.test.annotation.ProfileValueUtils - Retrieved ProfileValueSource type [class org.springframework.test.annotation.SystemProfileValueSource] for class [com.product.springbasics.SpringBasicsApplicationTests]
14:43:25.004 [Test worker] DEBUG org.springframework.test.context.support.AbstractDirtiesContextTestExecutionListener - Before test class: context [DefaultTestContext@5fbe6d4c testClass = SpringBasicsApplicationTests, testInstance = [null], testMethod = [null], testException = [null], mergedContextConfiguration = [WebMergedContextConfiguration@54dfdc6e testClass = SpringBasicsApplicationTests, locations = '{}', classes = '{class com.product.springbasics.SpringBasicsApplication}', contextInitializerClasses = '[]', activeProfiles = '{}', propertySourceLocations = '{}', propertySourceProperties = '{org.springframework.boot.test.context.SpringBootTestContextBootstrapper=true}', contextCustomizers = set[org.springframework.boot.test.autoconfigure.properties.PropertyMappingContextCustomizer@0, org.springframework.boot.test.autoconfigure.web.servlet.WebDriverContextCustomizerFactory$Customizer@23af37f9, org.springframework.boot.test.context.filter.ExcludeFilterContextCustomizer@2be9ca98, org.springframework.boot.test.json.DuplicateJsonObjectContextCustomizerFactory$DuplicateJsonObjectContextCustomizer@32e192fa, org.springframework.boot.test.mock.mockito.MockitoContextCustomizer@0, org.springframework.boot.test.web.client.TestRestTemplateContextCustomizer@2d28a481], resourceBasePath = 'src/main/webapp', contextLoader = 'org.springframework.boot.test.context.SpringBootContextLoader', parent = [null]], attributes = map['org.springframework.test.context.web.ServletTestExecutionListener.activateListener' -> true]], class annotated with @DirtiesContext [false] with mode [null].
14:43:25.005 [Test worker] DEBUG org.springframework.test.annotation.ProfileValueUtils - Retrieved @ProfileValueSourceConfiguration [null] for test class [com.product.springbasics.SpringBasicsApplicationTests]
14:43:25.006 [Test worker] DEBUG org.springframework.test.annotation.ProfileValueUtils - Retrieved ProfileValueSource type [class org.springframework.test.annotation.SystemProfileValueSource] for class [com.product.springbasics.SpringBasicsApplicationTests]
14:43:25.188 [Test worker] DEBUG org.springframework.test.context.support.TestPropertySourceUtils - Adding inlined properties to environment: {spring.jmx.enabled=false, org.springframework.boot.test.context.SpringBootTestContextBootstrapper=true, server.port=-1}

  .   ____          _            __ _ _
 /\\ / ___'_ __ _ _(_)_ __  __ _ \ \ \ \
( ( )\___ | '_ | '_| | '_ \/ _` | \ \ \ \
 \\/  ___)| |_)| | | | | || (_| |  ) ) ) )
  '  |____| .__|_| |_|_| |_\__, | / / / /
 =========|_|==============|___/=/_/_/_/
 :: Spring Boot ::        (v2.1.8.RELEASE)

2019-09-08 14:43:25.460  INFO 809 --- [    Test worker] c.p.s.SpringBasicsApplicationTests       : Starting SpringBasicsApplicationTests on zacharys-mbp.lan with PID 809 (started by zacharylockner in /Users/zacharylockner/LocalDev/spring-basics)
2019-09-08 14:43:25.461  INFO 809 --- [    Test worker] c.p.s.SpringBasicsApplicationTests       : No active profile set, falling back to default profiles: default
2019-09-08 14:43:27.074  INFO 809 --- [    Test worker] o.s.s.concurrent.ThreadPoolTaskExecutor  : Initializing ExecutorService 'applicationTaskExecutor'
2019-09-08 14:43:27.359  INFO 809 --- [    Test worker] c.p.s.SpringBasicsApplicationTests       : Started SpringBasicsApplicationTests in 2.159 seconds (JVM running for 3.272)
]]></system-out>
  <system-err><![CDATA[]]></system-err>
</testsuite>
